{
  "RSpec": {
    "coverage": {
      "/Users/student/Desktop/Projects/week10/techtest/bank-tech-test/spec/bank_account_spec.rb": [
        1,
        null,
        1,
        1,
        2,
        null,
        null,
        1,
        1,
        null,
        null,
        null
      ],
      "/Users/student/Desktop/Projects/week10/techtest/bank-tech-test/lib/bank_account.rb": [
        1,
        null,
        1,
        1,
        null,
        1,
        12,
        null,
        null
      ],
      "/Users/student/Desktop/Projects/week10/techtest/bank-tech-test/lib/bank_statement.rb": [
        1,
        1,
        null,
        1,
        5,
        null,
        null,
        1,
        7,
        null,
        null,
        1,
        2,
        6,
        null,
        null,
        null,
        1,
        null,
        1,
        0,
        null,
        null
      ],
      "/Users/student/Desktop/Projects/week10/techtest/bank-tech-test/spec/bank_statement_spec.rb": [
        1,
        null,
        1,
        4,
        4,
        3,
        3,
        null,
        1,
        1,
        2,
        1,
        1,
        null,
        null,
        1,
        2,
        1,
        1,
        null,
        null,
        null,
        1,
        1,
        2,
        1,
        2,
        1,
        1,
        null,
        null,
        null,
        null,
        null,
        null
      ],
      "/Users/student/Desktop/Projects/week10/techtest/bank-tech-test/spec/bank_transaction_spec.rb": [
        1,
        null,
        1,
        5,
        5,
        1,
        null,
        1,
        1,
        1,
        1,
        null,
        null,
        1,
        1,
        1,
        null,
        null,
        null,
        1,
        1,
        1,
        1,
        1,
        null,
        null,
        1,
        1,
        1,
        1,
        null,
        null,
        null,
        null
      ],
      "/Users/student/Desktop/Projects/week10/techtest/bank-tech-test/lib/bank_transaction.rb": [
        1,
        1,
        null,
        1,
        13,
        13,
        null,
        null,
        1,
        6,
        6,
        6,
        6,
        null,
        null,
        1,
        3,
        3,
        3,
        3,
        null,
        null,
        1,
        9,
        null,
        null
      ],
      "/Users/student/Desktop/Projects/week10/techtest/bank-tech-test/spec/features/bank_feature_spec.rb": [
        1,
        1,
        1,
        null,
        1,
        5,
        3,
        5,
        2,
        null,
        1,
        1,
        1,
        1,
        null,
        null,
        null,
        1,
        1,
        1,
        1,
        1,
        null,
        null,
        null,
        1,
        1,
        2,
        1,
        1,
        null,
        null,
        null,
        null,
        1,
        1,
        2,
        1,
        2,
        1,
        1,
        null,
        null,
        null,
        null,
        null
      ]
    },
    "timestamp": 1567070011
  }
}
